<?xml version="1.0" encoding="UTF-8"?>
<testng-results ignored="0" total="1" passed="1" failed="0" skipped="0">
  <reporter-output>
  </reporter-output>
  <suite started-at="2022-03-15T13:03:42 IST" name="Default suite" finished-at="2022-03-15T13:03:42 IST" duration-ms="75">
    <groups>
    </groups>
    <test started-at="2022-03-15T13:03:42 IST" name="Default test" finished-at="2022-03-15T13:03:42 IST" duration-ms="75">
      <class name="organizationTests.ReadDataTest">
        <test-method signature="readData()[pri:0, instance:organizationTests.ReadDataTest@2cd2a21f]" started-at="2022-03-15T13:03:42 IST" name="readData" finished-at="2022-03-15T13:03:42 IST" duration-ms="13" status="PASS">
          <reporter-output>
          </reporter-output>
        </test-method> <!-- readData -->
      </class> <!-- organizationTests.ReadDataTest -->
    </test> <!-- Default test -->
  </suite> <!-- Default suite -->
</testng-results>
